# JRE version: Java(TM) SE Runtime Environment (8.0_121-b13) (build 1.8.0_121-b13)
# Java VM: Java HotSpot(TM) 64-Bit Server VM (25.121-b13 mixed mode windows-amd64 compressed oops)
Heap:
 PSYoungGen      total 155648K, used 2743K [0x00000000f5580000, 0x0000000100000000, 0x0000000100000000)
  eden space 138752K, 1% used [0x00000000f5580000,0x00000000f582de48,0x00000000fdd00000)
  from space 16896K, 0% used [0x00000000fef80000,0x00000000fef80000,0x0000000100000000)
  to   space 17920K, 0% used [0x00000000fdd00000,0x00000000fdd00000,0x00000000fee80000)
 ParOldGen       total 175104K, used 21539K [0x00000000e0000000, 0x00000000eab00000, 0x00000000f5580000)
  object space 175104K, 12% used [0x00000000e0000000,0x00000000e1508ff8,0x00000000eab00000)
 Metaspace       used 20937K, capacity 21396K, committed 21552K, reserved 1069056K
  class space    used 2469K, capacity 2585K, committed 2608K, reserved 1048576K
GC Heap History (10 events):
Event: 2.549 GC heap before
{Heap before GC invocations=3 (full 0):
 PSYoungGen      total 76288K, used 75983K [0x00000000f5580000, 0x00000000faa80000, 0x0000000100000000)
  eden space 65536K, 100% used [0x00000000f5580000,0x00000000f9580000,0x00000000f9580000)
  from space 10752K, 97% used [0x00000000fa000000,0x00000000faa33ed8,0x00000000faa80000)
  to   space 10752K, 0% used [0x00000000f9580000,0x00000000f9580000,0x00000000fa000000)
 ParOldGen       total 175104K, used 24K [0x00000000e0000000, 0x00000000eab00000, 0x00000000f5580000)
  object space 175104K, 0% used [0x00000000e0000000,0x00000000e0006000,0x00000000eab00000)
 Metaspace       used 16480K, capacity 16800K, committed 17152K, reserved 1064960K
  class space    used 1924K, capacity 2013K, committed 2048K, reserved 1048576K
Event: 2.558 GC heap after
Heap after GC invocations=3 (full 0):
 PSYoungGen      total 76288K, used 9520K [0x00000000f5580000, 0x00000000fea80000, 0x0000000100000000)
  eden space 65536K, 0% used [0x00000000f5580000,0x00000000f5580000,0x00000000f9580000)
  from space 10752K, 88% used [0x00000000f9580000,0x00000000f9ecc010,0x00000000fa000000)
  to   space 10752K, 0% used [0x00000000fe000000,0x00000000fe000000,0x00000000fea80000)
 ParOldGen       total 175104K, used 32K [0x00000000e0000000, 0x00000000eab00000, 0x00000000f5580000)
  object space 175104K, 0% used [0x00000000e0000000,0x00000000e0008000,0x00000000eab00000)
 Metaspace       used 16480K, capacity 16800K, committed 17152K, reserved 1064960K
  class space    used 1924K, capacity 2013K, committed 2048K, reserved 1048576K
}
Event: 2.888 GC heap before
{Heap before GC invocations=4 (full 0):
 PSYoungGen      total 76288K, used 75056K [0x00000000f5580000, 0x00000000fea80000, 0x0000000100000000)
  eden space 65536K, 100% used [0x00000000f5580000,0x00000000f9580000,0x00000000f9580000)
  from space 10752K, 88% used [0x00000000f9580000,0x00000000f9ecc010,0x00000000fa000000)
  to   space 10752K, 0% used [0x00000000fe000000,0x00000000fe000000,0x00000000fea80000)
 ParOldGen       total 175104K, used 32K [0x00000000e0000000, 0x00000000eab00000, 0x00000000f5580000)
  object space 175104K, 0% used [0x00000000e0000000,0x00000000e0008000,0x00000000eab00000)
 Metaspace       used 16749K, capacity 17062K, committed 17408K, reserved 1064960K
  class space    used 1925K, capacity 2014K, committed 2048K, reserved 1048576K
Event: 2.899 GC heap after
Heap after GC invocations=4 (full 0):
 PSYoungGen      total 141824K, used 10720K [0x00000000f5580000, 0x00000000fea80000, 0x0000000100000000)
  eden space 131072K, 0% used [0x00000000f5580000,0x00000000f5580000,0x00000000fd580000)
  from space 10752K, 99% used [0x00000000fe000000,0x00000000fea78020,0x00000000fea80000)
  to   space 10752K, 0% used [0x00000000fd580000,0x00000000fd580000,0x00000000fe000000)
 ParOldGen       total 175104K, used 1832K [0x00000000e0000000, 0x00000000eab00000, 0x00000000f5580000)
  object space 175104K, 1% used [0x00000000e0000000,0x00000000e01ca000,0x00000000eab00000)
 Metaspace       used 16749K, capacity 17062K, committed 17408K, reserved 1064960K
  class space    used 1925K, capacity 2014K, committed 2048K, reserved 1048576K
}
Event: 3.620 GC heap before
{Heap before GC invocations=5 (full 0):
 PSYoungGen      total 141824K, used 141792K [0x00000000f5580000, 0x00000000fea80000, 0x0000000100000000)
  eden space 131072K, 100% used [0x00000000f5580000,0x00000000fd580000,0x00000000fd580000)
  from space 10752K, 99% used [0x00000000fe000000,0x00000000fea78020,0x00000000fea80000)
  to   space 10752K, 0% used [0x00000000fd580000,0x00000000fd580000,0x00000000fe000000)
 ParOldGen       total 175104K, used 1832K [0x00000000e0000000, 0x00000000eab00000, 0x00000000f5580000)
  object space 175104K, 1% used [0x00000000e0000000,0x00000000e01ca000,0x00000000eab00000)
 Metaspace       used 17134K, capacity 17496K, committed 17792K, reserved 1064960K
  class space    used 1943K, capacity 2049K, committed 2176K, reserved 1048576K
Event: 3.641 GC heap after
Heap after GC invocations=5 (full 0):
 PSYoungGen      total 141824K, used 10720K [0x00000000f5580000, 0x0000000100000000, 0x0000000100000000)
  eden space 131072K, 0% used [0x00000000f5580000,0x00000000f5580000,0x00000000fd580000)
  from space 10752K, 99% used [0x00000000fd580000,0x00000000fdff8020,0x00000000fe000000)
  to   space 16896K, 0% used [0x00000000fef80000,0x00000000fef80000,0x0000000100000000)
 ParOldGen       total 175104K, used 8064K [0x00000000e0000000, 0x00000000eab00000, 0x00000000f5580000)
  object space 175104K, 4% used [0x00000000e0000000,0x00000000e07e01a0,0x00000000eab00000)
 Metaspace       used 17134K, capacity 17496K, committed 17792K, reserved 1064960K
  class space    used 1943K, capacity 2049K, committed 2176K, reserved 1048576K
}
Event: 4.356 GC heap before
{Heap before GC invocations=6 (full 0):
 PSYoungGen      total 141824K, used 61534K [0x00000000f5580000, 0x0000000100000000, 0x0000000100000000)
  eden space 131072K, 38% used [0x00000000f5580000,0x00000000f871f8f8,0x00000000fd580000)
  from space 10752K, 99% used [0x00000000fd580000,0x00000000fdff8020,0x00000000fe000000)
  to   space 16896K, 0% used [0x00000000fef80000,0x00000000fef80000,0x0000000100000000)
 ParOldGen       total 175104K, used 8064K [0x00000000e0000000, 0x00000000eab00000, 0x00000000f5580000)
  object space 175104K, 4% used [0x00000000e0000000,0x00000000e07e01a0,0x00000000eab00000)
 Metaspace       used 20752K, capacity 21204K, committed 21296K, reserved 1069056K
  class space    used 2444K, capacity 2585K, committed 2608K, reserved 1048576K
Event: 4.382 GC heap after
Heap after GC invocations=6 (full 0):
 PSYoungGen      total 155648K, used 14189K [0x00000000f5580000, 0x0000000100000000, 0x0000000100000000)
  eden space 138752K, 0% used [0x00000000f5580000,0x00000000f5580000,0x00000000fdd00000)
  from space 16896K, 83% used [0x00000000fef80000,0x00000000ffd5b708,0x0000000100000000)
  to   space 17920K, 0% used [0x00000000fdd00000,0x00000000fdd00000,0x00000000fee80000)
 ParOldGen       total 175104K, used 8072K [0x00000000e0000000, 0x00000000eab00000, 0x00000000f5580000)
  object space 175104K, 4% used [0x00000000e0000000,0x00000000e07e21a0,0x00000000eab00000)
 Metaspace       used 20752K, capacity 21204K, committed 21296K, reserved 1069056K
  class space    used 2444K, capacity 2585K, committed 2608K, reserved 1048576K
}
Event: 4.382 GC heap before
{Heap before GC invocations=7 (full 1):
 PSYoungGen      total 155648K, used 14189K [0x00000000f5580000, 0x0000000100000000, 0x0000000100000000)
  eden space 138752K, 0% used [0x00000000f5580000,0x00000000f5580000,0x00000000fdd00000)
  from space 16896K, 83% used [0x00000000fef80000,0x00000000ffd5b708,0x0000000100000000)
  to   space 17920K, 0% used [0x00000000fdd00000,0x00000000fdd00000,0x00000000fee80000)
 ParOldGen       total 175104K, used 8072K [0x00000000e0000000, 0x00000000eab00000, 0x00000000f5580000)
  object space 175104K, 4% used [0x00000000e0000000,0x00000000e07e21a0,0x00000000eab00000)
 Metaspace       used 20752K, capacity 21204K, committed 21296K, reserved 1069056K
  class space    used 2444K, capacity 2585K, committed 2608K, reserved 1048576K
Event: 4.502 GC heap after
Heap after GC invocations=7 (full 1):
 PSYoungGen      total 155648K, used 0K [0x00000000f5580000, 0x0000000100000000, 0x0000000100000000)
  eden space 138752K, 0% used [0x00000000f5580000,0x00000000f5580000,0x00000000fdd00000)
  from space 16896K, 0% used [0x00000000fef80000,0x00000000fef80000,0x0000000100000000)
  to   space 17920K, 0% used [0x00000000fdd00000,0x00000000fdd00000,0x00000000fee80000)
 ParOldGen       total 175104K, used 21539K [0x00000000e0000000, 0x00000000eab00000, 0x00000000f5580000)
  object space 175104K, 12% used [0x00000000e0000000,0x00000000e1508ff8,0x00000000eab00000)
 Metaspace       used 20752K, capacity 21204K, committed 21296K, reserved 1069056K
  class space    used 2444K, capacity 2585K, committed 2608K, reserved 1048576K
}

