<?xml version="1.0" encoding="UTF-8"?><testsuite errors="0" failures="0" name="com.herokuapp.booker.bookininfo.BookingCURDTest" skipped="0" tests="5" time="9.72" timestamp="2023-08-08T15:34:54.077+01:00[Europe/London]"><testcase classname="com.herokuapp.booker.bookininfo.BookingCURDTest" name="Create a new booking"/><testcase classname="com.herokuapp.booker.bookininfo.BookingCURDTest" name="Get the booking"/><testcase classname="com.herokuapp.booker.bookininfo.BookingCURDTest" name="Update the booking"/><testcase classname="com.herokuapp.booker.bookininfo.BookingCURDTest" name="Update the partial booking"/><testcase classname="com.herokuapp.booker.bookininfo.BookingCURDTest" name="Delete the booking"/></testsuite>